"../../../Engine/Content/EditorResources/S_Actor.ubulk" 0
"../../../Engine/Content/EditorResources/S_Actor.uasset" 1
"../../../Engine/Content/EditorResources/S_Actor.uexp" 2
"../../../Engine/Content/EditorResources/S_BoxReflectionCapture.uasset" 3
"../../../Engine/Content/EditorResources/S_BoxReflectionCapture.uexp" 4
"../../../Engine/Content/EngineResources/DefaultTexture.ubulk" 5
"../../../Engine/Content/EngineResources/DefaultTexture.uasset" 6
"../../../Engine/Content/EngineResources/DefaultTexture.uexp" 7
"../../../Engine/Content/EngineResources/DefaultTextureCube.uasset" 8
"../../../Engine/Content/EngineResources/DefaultTextureCube.uexp" 9
"../../../Engine/Content/EngineResources/DefaultVolumeTexture2D.uasset" 10
"../../../Engine/Content/EngineResources/DefaultVolumeTexture2D.uexp" 11
"../../../Engine/Content/EngineResources/DefaultVolumeTexture.uasset" 12
"../../../Engine/Content/EngineResources/DefaultVolumeTexture.uexp" 13
"../../../Engine/Content/EditorResources/S_Trigger.ubulk" 14
"../../../Engine/Content/EditorResources/S_Trigger.uasset" 15
"../../../Engine/Content/EditorResources/S_Trigger.uexp" 16
"../../../Engine/Content/EditorResources/S_TriggerBox.uasset" 17
"../../../Engine/Content/EditorResources/S_TriggerBox.uexp" 18
"../../../Engine/Content/EditorResources/S_TriggerCapsule.uasset" 19
"../../../Engine/Content/EditorResources/S_TriggerCapsule.uexp" 20
"../../../Engine/Content/EditorResources/S_TriggerSphere.uasset" 21
"../../../Engine/Content/EditorResources/S_TriggerSphere.uexp" 22
"../../../Engine/Content/EngineMeshes/Sphere.uasset" 23
"../../../Engine/Content/EngineMeshes/Sphere.uexp" 24
"../../../Engine/Content/EngineResources/GradientTexture0.uasset" 25
"../../../Engine/Content/EngineResources/GradientTexture0.uexp" 26
"../../../Engine/Content/EngineResources/Black.uasset" 27
"../../../Engine/Content/EngineResources/Black.uexp" 28
"../../../Engine/Content/VREditor/LaserPointer/VR_LaserPower_01.ubulk" 29
"../../../Engine/Content/VREditor/LaserPointer/VR_LaserPower_01.uasset" 30
"../../../Engine/Content/VREditor/LaserPointer/VR_LaserPower_01.uexp" 31
"../../../Engine/Content/VREditor/TransformGizmo/TransformGizmoMaterial.uasset" 32
"../../../Engine/Content/VREditor/TransformGizmo/TransformGizmoMaterial.uexp" 33
"../../../Engine/Content/VREditor/TransformGizmo/TranslucentTransformGizmoMaterial.uasset" 34
"../../../Engine/Content/VREditor/TransformGizmo/TranslucentTransformGizmoMaterial.uexp" 35
"../../../Engine/Content/VREditor/TransformGizmo/PlaneTranslationHandle.uasset" 36
"../../../Engine/Content/VREditor/TransformGizmo/PlaneTranslationHandle.uexp" 37
"../../../Engine/Content/VREditor/TransformGizmo/BoundingBoxCorner.uasset" 38
"../../../Engine/Content/VREditor/TransformGizmo/BoundingBoxCorner.uexp" 39
"../../../Engine/Content/VREditor/TransformGizmo/BoundingBoxEdge.uasset" 40
"../../../Engine/Content/VREditor/TransformGizmo/BoundingBoxEdge.uexp" 41
"../../../Engine/Content/VREditor/TransformGizmo/Main.uasset" 42
"../../../Engine/Content/VREditor/TransformGizmo/Main.uexp" 43
"../../../Engine/Content/VREditor/TransformGizmo/Xray.uasset" 44
"../../../Engine/Content/VREditor/TransformGizmo/Xray.uexp" 45
"../../../Engine/Content/VREditor/TransformGizmo/SM_Sequencer_Node.uasset" 46
"../../../Engine/Content/VREditor/TransformGizmo/SM_Sequencer_Node.uexp" 47
"../../../Engine/Content/EditorMaterials/Camera/CineMat.uasset" 48
"../../../Engine/Content/EditorMaterials/Camera/CineMat.uexp" 49
"../../../Engine/Content/EditorMaterials/Camera/MI_CineMat_Rig.uasset" 50
"../../../Engine/Content/EditorMaterials/Camera/MI_CineMat_Rig.uexp" 51
"../../../Engine/Content/EditorMeshes/Camera/SM_CraneRig_Base.uasset" 52
"../../../Engine/Content/EditorMeshes/Camera/SM_CraneRig_Base.uexp" 53
"../../../Engine/Content/EditorMeshes/Camera/SM_CraneRig_Arm.uasset" 54
"../../../Engine/Content/EditorMeshes/Camera/SM_CraneRig_Arm.uexp" 55
"../../../Engine/Content/EditorMeshes/Camera/SM_CraneRig_Mount.uasset" 56
"../../../Engine/Content/EditorMeshes/Camera/SM_CraneRig_Mount.uexp" 57
"../../../Engine/Content/EditorMeshes/Camera/SM_CraneRig_Body.uasset" 58
"../../../Engine/Content/EditorMeshes/Camera/SM_CraneRig_Body.uexp" 59
"../../../Engine/Content/EditorMeshes/Camera/SM_RailRig_Track.uasset" 60
"../../../Engine/Content/EditorMeshes/Camera/SM_RailRig_Track.uexp" 61
"../../../Engine/Content/EditorMeshes/Camera/SM_RailRig_Mount.uasset" 62
"../../../Engine/Content/EditorMeshes/Camera/SM_RailRig_Mount.uexp" 63
"../../../Engine/Content/EngineMaterials/T_Default_Material_Grid_M.ubulk" 64
"../../../Engine/Content/EngineMaterials/T_Default_Material_Grid_M.uasset" 65
"../../../Engine/Content/EngineMaterials/T_Default_Material_Grid_M.uexp" 66
"../../../Engine/Content/EngineMaterials/T_Default_Material_Grid_N.ubulk" 67
"../../../Engine/Content/EngineMaterials/T_Default_Material_Grid_N.uasset" 68
"../../../Engine/Content/EngineMaterials/T_Default_Material_Grid_N.uexp" 69
"../../../Engine/Content/Functions/Engine_MaterialFunctions01/Opacity/CameraDepthFade.uasset" 70
"../../../Engine/Content/Functions/Engine_MaterialFunctions01/Opacity/CameraDepthFade.uexp" 71
"../../../Engine/Content/EngineMaterials/WorldGridMaterial.uasset" 72
"../../../Engine/Content/EngineMaterials/WorldGridMaterial.uexp" 73
"../../../Engine/Content/ArtTools/RenderToTexture/Meshes/S_1_Unit_Plane.uasset" 74
"../../../Engine/Content/ArtTools/RenderToTexture/Meshes/S_1_Unit_Plane.uexp" 75
"../../../Engine/Content/EditorMaterials/ParticleSystems/PSysThumbnail_NoImage.ubulk" 76
"../../../Engine/Content/EditorMaterials/ParticleSystems/PSysThumbnail_NoImage.uasset" 77
"../../../Engine/Content/EditorMaterials/ParticleSystems/PSysThumbnail_NoImage.uexp" 78
"../../../Engine/Content/EditorMaterials/ParticleSystems/PSysThumbnail_OOD.ubulk" 79
"../../../Engine/Content/EditorMaterials/ParticleSystems/PSysThumbnail_OOD.uasset" 80
"../../../Engine/Content/EditorMaterials/ParticleSystems/PSysThumbnail_OOD.uexp" 81
"../../../Engine/Content/EditorLandscapeResources/SplineEditorMeshMat.uasset" 82
"../../../Engine/Content/EditorLandscapeResources/SplineEditorMeshMat.uexp" 83
"../../../Engine/Content/EditorLandscapeResources/SplineEditorMesh.uasset" 84
"../../../Engine/Content/EditorLandscapeResources/SplineEditorMesh.uexp" 85
"../../../Engine/Content/EditorResources/S_Solver.ubulk" 86
"../../../Engine/Content/EditorResources/S_Solver.uasset" 87
"../../../Engine/Content/EditorResources/S_Solver.uexp" 88
"../../../Engine/Plugins/Media/MediaPlate/Content/SM_MediaPlateScreen.uasset" 89
"../../../Engine/Plugins/Media/MediaPlate/Content/SM_MediaPlateScreen.uexp" 90
"../../../Engine/Content/EngineMaterials/Good64x64TilingNoiseHighFreq.uasset" 91
"../../../Engine/Content/EngineMaterials/Good64x64TilingNoiseHighFreq.uexp" 92
"../../../Engine/Content/EngineMaterials/DefaultBokeh.uasset" 93
"../../../Engine/Content/EngineMaterials/DefaultBokeh.uexp" 94
"../../../Engine/Content/EngineMaterials/PreintegratedSkinBRDF.uasset" 95
"../../../Engine/Content/EngineMaterials/PreintegratedSkinBRDF.uexp" 96
"../../../Engine/Content/EngineMaterials/MiniFont.uasset" 97
"../../../Engine/Content/EngineMaterials/MiniFont.uexp" 98
"../../../Engine/Content/EngineMaterials/WeightMapPlaceholderTexture.uasset" 99
"../../../Engine/Content/EngineMaterials/WeightMapPlaceholderTexture.uexp" 100
"../../../Engine/Content/EngineMaterials/DefaultWhiteGrid.ubulk" 101
"../../../Engine/Content/EngineMaterials/DefaultWhiteGrid.uasset" 102
"../../../Engine/Content/EngineMaterials/DefaultWhiteGrid.uexp" 103
"../../../Engine/Plugins/2D/Paper2D/Content/PlaceholderTextures/DummySpriteTexture.ubulk" 104
"../../../Engine/Plugins/2D/Paper2D/Content/PlaceholderTextures/DummySpriteTexture.uasset" 105
"../../../Engine/Plugins/2D/Paper2D/Content/PlaceholderTextures/DummySpriteTexture.uexp" 106
"../../../Engine/Plugins/2D/Paper2D/Content/DefaultSpriteMaterial.uasset" 107
"../../../Engine/Plugins/2D/Paper2D/Content/DefaultSpriteMaterial.uexp" 108
"../../../Engine/Plugins/2D/Paper2D/Content/OpaqueUnlitSpriteMaterial.uasset" 109
"../../../Engine/Plugins/2D/Paper2D/Content/OpaqueUnlitSpriteMaterial.uexp" 110
"../../../Engine/Plugins/2D/Paper2D/Content/MaskedUnlitSpriteMaterial.uasset" 111
"../../../Engine/Plugins/2D/Paper2D/Content/MaskedUnlitSpriteMaterial.uexp" 112
"../../../Engine/Plugins/2D/Paper2D/Content/DummySprite.uasset" 113
"../../../Engine/Plugins/2D/Paper2D/Content/DummySprite.uexp" 114
"../../../Engine/Plugins/2D/Paper2D/Content/DefaultPaperTerrainMaterial.uasset" 115
"../../../Engine/Plugins/2D/Paper2D/Content/DefaultPaperTerrainMaterial.uexp" 116
"../../../Engine/Plugins/Runtime/MeshModelingToolset/Content/Materials/M_DynamicMeshComponentVtxColor.uasset" 117
"../../../Engine/Plugins/Runtime/MeshModelingToolset/Content/Materials/M_DynamicMeshComponentVtxColor.uexp" 118
"../../../Engine/Plugins/Interchange/Runtime/Content/Pipelines/DefaultTexturePipeline.uasset" 119
"../../../Engine/Plugins/Interchange/Runtime/Content/Pipelines/DefaultTexturePipeline.uexp" 120
"../../../Engine/Plugins/Interchange/Runtime/Content/Pipelines/DefaultSceneLevelPipeline.uasset" 121
"../../../Engine/Plugins/Interchange/Runtime/Content/Pipelines/DefaultSceneLevelPipeline.uexp" 122
"../../../Engine/Plugins/Interchange/Runtime/Content/Pipelines/DefaultSceneAssetsPipeline.uasset" 123
"../../../Engine/Plugins/Interchange/Runtime/Content/Pipelines/DefaultSceneAssetsPipeline.uexp" 124
"../../../Engine/Plugins/Interchange/Runtime/Content/Pipelines/DefaultMaterialPipeline.uasset" 125
"../../../Engine/Plugins/Interchange/Runtime/Content/Pipelines/DefaultMaterialPipeline.uexp" 126
"../../../Engine/Plugins/Interchange/Runtime/Content/Pipelines/DefaultAssetsPipeline.uasset" 127
"../../../Engine/Plugins/Interchange/Runtime/Content/Pipelines/DefaultAssetsPipeline.uexp" 128
"../../../Engine/Plugins/Editor/SpeedTreeImporter/Content/SpeedTree9/game_wind_noise.ubulk" 129
"../../../Engine/Plugins/Editor/SpeedTreeImporter/Content/SpeedTree9/game_wind_noise.uasset" 130
"../../../Engine/Plugins/Editor/SpeedTreeImporter/Content/SpeedTree9/game_wind_noise.uexp" 131
"../../../Engine/Plugins/Editor/SpeedTreeImporter/Content/SpeedTree9/UnpackDirection.uasset" 132
"../../../Engine/Plugins/Editor/SpeedTreeImporter/Content/SpeedTree9/UnpackDirection.uexp" 133
"../../../Engine/Content/Functions/Engine_MaterialFunctions02/ObjectLocalBounds.uasset" 134
"../../../Engine/Content/Functions/Engine_MaterialFunctions02/ObjectLocalBounds.uexp" 135
"../../../Engine/Content/Functions/Engine_MaterialFunctions02/Utility/BreakOutFloat3Components.uasset" 136
"../../../Engine/Content/Functions/Engine_MaterialFunctions02/Utility/BreakOutFloat3Components.uexp" 137
"../../../Engine/Content/Functions/Engine_MaterialFunctions02/UVs/BoundingBoxBased_0-1_UVW.uasset" 138
"../../../Engine/Content/Functions/Engine_MaterialFunctions02/UVs/BoundingBoxBased_0-1_UVW.uexp" 139
"../../../Engine/Content/Functions/Engine_MaterialFunctions02/Utility/VectorLength.uasset" 140
"../../../Engine/Content/Functions/Engine_MaterialFunctions02/Utility/VectorLength.uexp" 141
"../../../Engine/Plugins/Editor/SpeedTreeImporter/Content/SpeedTree9/UnpackInteger3.uasset" 142
"../../../Engine/Plugins/Editor/SpeedTreeImporter/Content/SpeedTree9/UnpackInteger3.uexp" 143
"../../../Engine/Plugins/Editor/SpeedTreeImporter/Content/SpeedTree9/SpeedTreeCameraFacing.uasset" 144
"../../../Engine/Plugins/Editor/SpeedTreeImporter/Content/SpeedTree9/SpeedTreeCameraFacing.uexp" 145
"../../../Engine/Content/Functions/Engine_MaterialFunctions02/WorldPositionOffset/ObjectScale.uasset" 146
"../../../Engine/Content/Functions/Engine_MaterialFunctions02/WorldPositionOffset/ObjectScale.uexp" 147
"../../../Engine/Content/Functions/Engine_MaterialFunctions02/SafeNormalize.uasset" 148
"../../../Engine/Content/Functions/Engine_MaterialFunctions02/SafeNormalize.uexp" 149
"../../../Engine/Plugins/Editor/SpeedTreeImporter/Content/SpeedTree9/SpeedTreeWindMotion.uasset" 150
"../../../Engine/Plugins/Editor/SpeedTreeImporter/Content/SpeedTree9/SpeedTreeWindMotion.uexp" 151
"../../../Engine/Plugins/Editor/SpeedTreeImporter/Content/SpeedTree9/SpeedTreeBranchMotion.uasset" 152
"../../../Engine/Plugins/Editor/SpeedTreeImporter/Content/SpeedTree9/SpeedTreeBranchMotion.uexp" 153
"../../../Engine/Plugins/Editor/SpeedTreeImporter/Content/SpeedTree9/SpeedTreeWind.uasset" 154
"../../../Engine/Plugins/Editor/SpeedTreeImporter/Content/SpeedTree9/SpeedTreeWind.uexp" 155
"../../../Engine/Plugins/Editor/SpeedTreeImporter/Content/SpeedTree9/EmptyNormal.uasset" 156
"../../../Engine/Plugins/Editor/SpeedTreeImporter/Content/SpeedTree9/EmptyNormal.uexp" 157
"../../../Engine/Plugins/Editor/SpeedTreeImporter/Content/SpeedTree9/Empty.uasset" 158
"../../../Engine/Plugins/Editor/SpeedTreeImporter/Content/SpeedTree9/Empty.uexp" 159
"../../../Engine/Plugins/Editor/SpeedTreeImporter/Content/SpeedTree9/SpeedTreeMaster.uasset" 160
"../../../Engine/Plugins/Editor/SpeedTreeImporter/Content/SpeedTree9/SpeedTreeMaster.uexp" 161
"../../../Engine/Plugins/Editor/SpeedTreeImporter/Content/SpeedTree9/SpeedTreeBillboard.uasset" 162
"../../../Engine/Plugins/Editor/SpeedTreeImporter/Content/SpeedTree9/SpeedTreeBillboard.uexp" 163
"../../../Engine/Plugins/Editor/SpeedTreeImporter/Content/SpeedTree9/SpeedTreeBillboardMaster.uasset" 164
"../../../Engine/Plugins/Editor/SpeedTreeImporter/Content/SpeedTree9/SpeedTreeBillboardMaster.uexp" 165
"../../../Engine/Content/Functions/Engine_MaterialFunctions02/WorldPositionOffset/CameraOffset.uasset" 166
"../../../Engine/Content/Functions/Engine_MaterialFunctions02/WorldPositionOffset/CameraOffset.uexp" 167
"../../../Engine/Plugins/Animation/ControlRig/Content/M_Manip.uasset" 168
"../../../Engine/Plugins/Animation/ControlRig/Content/M_Manip.uexp" 169
"../../../Engine/Plugins/Animation/ControlRig/Content/Controls/DefaultGizmoLibraryNormalized.uasset" 170
"../../../Engine/Plugins/Animation/ControlRig/Content/Controls/DefaultGizmoLibraryNormalized.uexp" 171
"../../../Engine/Plugins/Animation/ControlRig/Content/Controls/DefaultGizmoLibrary.uasset" 172
"../../../Engine/Plugins/Animation/ControlRig/Content/Controls/DefaultGizmoLibrary.uexp" 173
"../../../Engine/Plugins/Animation/ControlRig/Content/Controls/ControlRig_Wedge_solid.uasset" 174
"../../../Engine/Plugins/Animation/ControlRig/Content/Controls/ControlRig_Wedge_solid.uexp" 175
"../../../Engine/Plugins/Animation/ControlRig/Content/Controls/ControlRig_Wedge_3mm.uasset" 176
"../../../Engine/Plugins/Animation/ControlRig/Content/Controls/ControlRig_Wedge_3mm.uexp" 177
"../../../Engine/Plugins/Animation/ControlRig/Content/Controls/ControlRig_Wedge_1mm.uasset" 178
"../../../Engine/Plugins/Animation/ControlRig/Content/Controls/ControlRig_Wedge_1mm.uexp" 179
"../../../Engine/Plugins/Animation/ControlRig/Content/Controls/ControlRig_Triangle_solid.uasset" 180
"../../../Engine/Plugins/Animation/ControlRig/Content/Controls/ControlRig_Triangle_solid.uexp" 181
"../../../Engine/Plugins/Animation/ControlRig/Content/Controls/ControlRig_Triangle_3mm.uasset" 182
"../../../Engine/Plugins/Animation/ControlRig/Content/Controls/ControlRig_Triangle_3mm.uexp" 183
"../../../Engine/Plugins/Animation/ControlRig/Content/Controls/ControlRig_Triangle_1mm.uasset" 184
"../../../Engine/Plugins/Animation/ControlRig/Content/Controls/ControlRig_Triangle_1mm.uexp" 185
"../../../Engine/Plugins/Animation/ControlRig/Content/Controls/ControlRig_Star4_solid.uasset" 186
"../../../Engine/Plugins/Animation/ControlRig/Content/Controls/ControlRig_Star4_solid.uexp" 187
"../../../Engine/Plugins/Animation/ControlRig/Content/Controls/ControlRig_Star4_3mm.uasset" 188
"../../../Engine/Plugins/Animation/ControlRig/Content/Controls/ControlRig_Star4_3mm.uexp" 189
"../../../Engine/Plugins/Animation/ControlRig/Content/Controls/ControlRig_Star4_1mm.uasset" 190
"../../../Engine/Plugins/Animation/ControlRig/Content/Controls/ControlRig_Star4_1mm.uexp" 191
"../../../Engine/Plugins/Animation/ControlRig/Content/Controls/ControlRig_Square_solid.uasset" 192
"../../../Engine/Plugins/Animation/ControlRig/Content/Controls/ControlRig_Square_solid.uexp" 193
"../../../Engine/Plugins/Animation/ControlRig/Content/Controls/ControlRig_Square_3mm.uasset" 194
"../../../Engine/Plugins/Animation/ControlRig/Content/Controls/ControlRig_Square_3mm.uexp" 195
"../../../Engine/Plugins/Animation/ControlRig/Content/Controls/ControlRig_Square_1mm.uasset" 196
"../../../Engine/Plugins/Animation/ControlRig/Content/Controls/ControlRig_Square_1mm.uexp" 197
"../../../Engine/Plugins/Animation/ControlRig/Content/Controls/ControlRig_Sphere_solid.uasset" 198
"../../../Engine/Plugins/Animation/ControlRig/Content/Controls/ControlRig_Sphere_solid.uexp" 199
"../../../Engine/Plugins/Animation/ControlRig/Content/Controls/ControlRig_Sphere_3mm.uasset" 200
"../../../Engine/Plugins/Animation/ControlRig/Content/Controls/ControlRig_Sphere_3mm.uexp" 201
"../../../Engine/Plugins/Animation/ControlRig/Content/Controls/ControlRig_Sphere_1mm.uasset" 202
"../../../Engine/Plugins/Animation/ControlRig/Content/Controls/ControlRig_Sphere_1mm.uexp" 203
"../../../Engine/Plugins/Animation/ControlRig/Content/Controls/ControlRig_RoundedTriangle_solid.uasset" 204
"../../../Engine/Plugins/Animation/ControlRig/Content/Controls/ControlRig_RoundedTriangle_solid.uexp" 205
"../../../Engine/Plugins/Animation/ControlRig/Content/Controls/ControlRig_RoundedTriangle_3mm.uasset" 206
"../../../Engine/Plugins/Animation/ControlRig/Content/Controls/ControlRig_RoundedTriangle_3mm.uexp" 207
"../../../Engine/Plugins/Animation/ControlRig/Content/Controls/ControlRig_RoundedTriangle_1mm.uasset" 208
"../../../Engine/Plugins/Animation/ControlRig/Content/Controls/ControlRig_RoundedTriangle_1mm.uexp" 209
"../../../Engine/Plugins/Animation/ControlRig/Content/Controls/ControlRig_RoundedSquare_solid.uasset" 210
"../../../Engine/Plugins/Animation/ControlRig/Content/Controls/ControlRig_RoundedSquare_solid.uexp" 211
"../../../Engine/Plugins/Animation/ControlRig/Content/Controls/ControlRig_RoundedSquare_3mm.uasset" 212
"../../../Engine/Plugins/Animation/ControlRig/Content/Controls/ControlRig_RoundedSquare_3mm.uexp" 213
"../../../Engine/Plugins/Animation/ControlRig/Content/Controls/ControlRig_RoundedSquare_1mm.uasset" 214
"../../../Engine/Plugins/Animation/ControlRig/Content/Controls/ControlRig_RoundedSquare_1mm.uexp" 215
"../../../Engine/Plugins/Animation/ControlRig/Content/Controls/ControlRig_QuarterCircle_solid.uasset" 216
"../../../Engine/Plugins/Animation/ControlRig/Content/Controls/ControlRig_QuarterCircle_solid.uexp" 217
"../../../Engine/Plugins/Animation/ControlRig/Content/Controls/ControlRig_QuarterCircle_3mm.uasset" 218
"../../../Engine/Plugins/Animation/ControlRig/Content/Controls/ControlRig_QuarterCircle_3mm.uexp" 219
"../../../Engine/Plugins/Animation/ControlRig/Content/Controls/ControlRig_QuarterCircle_1mm.uasset" 220
"../../../Engine/Plugins/Animation/ControlRig/Content/Controls/ControlRig_QuarterCircle_1mm.uexp" 221
"../../../Engine/Plugins/Animation/ControlRig/Content/Controls/ControlRig_Pyramid_solid.uasset" 222
"../../../Engine/Plugins/Animation/ControlRig/Content/Controls/ControlRig_Pyramid_solid.uexp" 223
"../../../Engine/Plugins/Animation/ControlRig/Content/Controls/ControlRig_Pyramid_3mm.uasset" 224
"../../../Engine/Plugins/Animation/ControlRig/Content/Controls/ControlRig_Pyramid_3mm.uexp" 225
"../../../Engine/Plugins/Animation/ControlRig/Content/Controls/ControlRig_Pyramid_1mm.uasset" 226
"../../../Engine/Plugins/Animation/ControlRig/Content/Controls/ControlRig_Pyramid_1mm.uexp" 227
"../../../Engine/Plugins/Animation/ControlRig/Content/Controls/ControlRig_Octagon_solid.uasset" 228
"../../../Engine/Plugins/Animation/ControlRig/Content/Controls/ControlRig_Octagon_solid.uexp" 229
"../../../Engine/Plugins/Animation/ControlRig/Content/Controls/ControlRig_Octagon_3mm.uasset" 230
"../../../Engine/Plugins/Animation/ControlRig/Content/Controls/ControlRig_Octagon_3mm.uexp" 231
"../../../Engine/Plugins/Animation/ControlRig/Content/Controls/ControlRig_Octagon_1mm.uasset" 232
"../../../Engine/Plugins/Animation/ControlRig/Content/Controls/ControlRig_Octagon_1mm.uexp" 233
"../../../Engine/Plugins/Animation/ControlRig/Content/Controls/ControlRig_Hexagon_solid.uasset" 234
"../../../Engine/Plugins/Animation/ControlRig/Content/Controls/ControlRig_Hexagon_solid.uexp" 235
"../../../Engine/Plugins/Animation/ControlRig/Content/Controls/ControlRig_Hexagon_3mm.uasset" 236
"../../../Engine/Plugins/Animation/ControlRig/Content/Controls/ControlRig_Hexagon_3mm.uexp" 237
"../../../Engine/Plugins/Animation/ControlRig/Content/Controls/ControlRig_Hexagon_1mm.uasset" 238
"../../../Engine/Plugins/Animation/ControlRig/Content/Controls/ControlRig_Hexagon_1mm.uexp" 239
"../../../Engine/Plugins/Animation/ControlRig/Content/Controls/ControlRig_HalfCircle_solid.uasset" 240
"../../../Engine/Plugins/Animation/ControlRig/Content/Controls/ControlRig_HalfCircle_solid.uexp" 241
"../../../Engine/Plugins/Animation/ControlRig/Content/Controls/ControlRig_HalfCircle_3mm.uasset" 242
"../../../Engine/Plugins/Animation/ControlRig/Content/Controls/ControlRig_HalfCircle_3mm.uexp" 243
"../../../Engine/Plugins/Animation/ControlRig/Content/Controls/ControlRig_HalfCircle_1mm.uasset" 244
"../../../Engine/Plugins/Animation/ControlRig/Content/Controls/ControlRig_HalfCircle_1mm.uexp" 245
"../../../Engine/Plugins/Animation/ControlRig/Content/Controls/ControlRig_Diamond_solid.uasset" 246
"../../../Engine/Plugins/Animation/ControlRig/Content/Controls/ControlRig_Diamond_solid.uexp" 247
"../../../Engine/Plugins/Animation/ControlRig/Content/Controls/ControlRig_Diamond_3mm.uasset" 248
"../../../Engine/Plugins/Animation/ControlRig/Content/Controls/ControlRig_Diamond_3mm.uexp" 249
"../../../Engine/Plugins/Animation/ControlRig/Content/Controls/ControlRig_Diamond_1mm.uasset" 250
"../../../Engine/Plugins/Animation/ControlRig/Content/Controls/ControlRig_Diamond_1mm.uexp" 251
"../../../Engine/Plugins/Animation/ControlRig/Content/Controls/ControlRig_Circle_solid.uasset" 252
"../../../Engine/Plugins/Animation/ControlRig/Content/Controls/ControlRig_Circle_solid.uexp" 253
"../../../Engine/Plugins/Animation/ControlRig/Content/Controls/ControlRig_Circle_3mm.uasset" 254
"../../../Engine/Plugins/Animation/ControlRig/Content/Controls/ControlRig_Circle_3mm.uexp" 255
"../../../Engine/Plugins/Animation/ControlRig/Content/Controls/ControlRig_Circle_1mm.uasset" 256
"../../../Engine/Plugins/Animation/ControlRig/Content/Controls/ControlRig_Circle_1mm.uexp" 257
"../../../Engine/Plugins/Animation/ControlRig/Content/Controls/ControlRig_Box_solid.uasset" 258
"../../../Engine/Plugins/Animation/ControlRig/Content/Controls/ControlRig_Box_solid.uexp" 259
"../../../Engine/Plugins/Animation/ControlRig/Content/Controls/ControlRig_Box_3mm.uasset" 260
"../../../Engine/Plugins/Animation/ControlRig/Content/Controls/ControlRig_Box_3mm.uexp" 261
"../../../Engine/Plugins/Animation/ControlRig/Content/Controls/ControlRig_Box_1mm.uasset" 262
"../../../Engine/Plugins/Animation/ControlRig/Content/Controls/ControlRig_Box_1mm.uexp" 263
"../../../Engine/Plugins/Animation/ControlRig/Content/Controls/ControlRig_Arrow_solid.uasset" 264
"../../../Engine/Plugins/Animation/ControlRig/Content/Controls/ControlRig_Arrow_solid.uexp" 265
"../../../Engine/Plugins/Animation/ControlRig/Content/Controls/ControlRig_Arrow_3mm.uasset" 266
"../../../Engine/Plugins/Animation/ControlRig/Content/Controls/ControlRig_Arrow_3mm.uexp" 267
"../../../Engine/Plugins/Animation/ControlRig/Content/Controls/ControlRig_Arrow_1mm.uasset" 268
"../../../Engine/Plugins/Animation/ControlRig/Content/Controls/ControlRig_Arrow_1mm.uexp" 269
"../../../Engine/Plugins/Animation/ControlRig/Content/Controls/ControlRig_Arrow4_solid.uasset" 270
"../../../Engine/Plugins/Animation/ControlRig/Content/Controls/ControlRig_Arrow4_solid.uexp" 271
"../../../Engine/Plugins/Animation/ControlRig/Content/Controls/ControlRig_Arrow4_3mm.uasset" 272
"../../../Engine/Plugins/Animation/ControlRig/Content/Controls/ControlRig_Arrow4_3mm.uexp" 273
"../../../Engine/Plugins/Animation/ControlRig/Content/Controls/ControlRig_Arrow4_1mm.uasset" 274
"../../../Engine/Plugins/Animation/ControlRig/Content/Controls/ControlRig_Arrow4_1mm.uexp" 275
"../../../Engine/Plugins/Animation/ControlRig/Content/Controls/ControlRig_Arrow2_solid.uasset" 276
"../../../Engine/Plugins/Animation/ControlRig/Content/Controls/ControlRig_Arrow2_solid.uexp" 277
"../../../Engine/Plugins/Animation/ControlRig/Content/Controls/ControlRig_Arrow2_3mm.uasset" 278
"../../../Engine/Plugins/Animation/ControlRig/Content/Controls/ControlRig_Arrow2_3mm.uexp" 279
"../../../Engine/Plugins/Animation/ControlRig/Content/Controls/ControlRig_Arrow2_1mm.uasset" 280
"../../../Engine/Plugins/Animation/ControlRig/Content/Controls/ControlRig_Arrow2_1mm.uexp" 281
"../../../Engine/Plugins/Animation/ControlRig/Content/Controls/ControlRigXRayMaterial.uasset" 282
"../../../Engine/Plugins/Animation/ControlRig/Content/Controls/ControlRigXRayMaterial.uexp" 283
"../../../Engine/Plugins/Animation/ControlRig/Content/Controls/ControlRigGizmoMaterial.uasset" 284
"../../../Engine/Plugins/Animation/ControlRig/Content/Controls/ControlRigGizmoMaterial.uexp" 285
"../../../Engine/Content/MobileResources/HUD/VirtualJoystick_Background.uasset" 286
"../../../Engine/Content/MobileResources/HUD/VirtualJoystick_Background.uexp" 287
"../../../Engine/Content/EditorResources/S_Thruster.uasset" 288
"../../../Engine/Content/EditorResources/S_Thruster.uexp" 289
"../../../Engine/Content/EditorMaterials/MatineeGroups/MAT_Groups_Float.uasset" 290
"../../../Engine/Content/EditorMaterials/MatineeGroups/MAT_Groups_Float.uexp" 291
"../../../Engine/Content/MobileResources/HUD/VirtualJoystick_Thumb.uasset" 292
"../../../Engine/Content/MobileResources/HUD/VirtualJoystick_Thumb.uexp" 293
"../../../Engine/Content/MobileResources/HUD/DefaultVirtualJoysticks.uasset" 294
"../../../Engine/Content/MobileResources/HUD/DefaultVirtualJoysticks.uexp" 295
"../../../Engine/Content/EngineSounds/Master.uasset" 296
"../../../Engine/Content/EngineSounds/Master.uexp" 297
"../../../Engine/Content/EngineSky/VolumetricClouds/CloudWeatherTexture.uasset" 298
"../../../Engine/Content/EngineSky/VolumetricClouds/CloudWeatherTexture.uexp" 299
"../../../Engine/Content/Functions/Engine_MaterialFunctions02/Utility/MakeFloat2.uasset" 300
"../../../Engine/Content/Functions/Engine_MaterialFunctions02/Utility/MakeFloat2.uexp" 301
"../../../Engine/Content/EngineSky/VolumetricClouds/CloudGradientTexture.uasset" 302
"../../../Engine/Content/EngineSky/VolumetricClouds/CloudGradientTexture.uexp" 303
"../../../Engine/Content/EngineSky/VolumetricClouds/T_NoiseShape64.ubulk" 304
"../../../Engine/Content/EngineSky/VolumetricClouds/T_NoiseShape64.uasset" 305
"../../../Engine/Content/EngineSky/VolumetricClouds/T_NoiseShape64.uexp" 306
"../../../Engine/Content/EngineSky/VolumetricClouds/T_VolumeNoiseShape64.uasset" 307
"../../../Engine/Content/EngineSky/VolumetricClouds/T_VolumeNoiseShape64.uexp" 308
"../../../Engine/Content/EngineSky/VolumetricClouds/T_NoiseErosion.ubulk" 309
"../../../Engine/Content/EngineSky/VolumetricClouds/T_NoiseErosion.uasset" 310
"../../../Engine/Content/EngineSky/VolumetricClouds/T_NoiseErosion.uexp" 311
"../../../Engine/Content/EngineSky/VolumetricClouds/T_VolumeNoiseErosion32.uasset" 312
"../../../Engine/Content/EngineSky/VolumetricClouds/T_VolumeNoiseErosion32.uexp" 313
"../../../Engine/Content/EngineSky/VolumetricClouds/m_SimpleVolumetricCloud.uasset" 314
"../../../Engine/Content/EngineSky/VolumetricClouds/m_SimpleVolumetricCloud.uexp" 315
"../../../Engine/Content/EngineSky/VolumetricClouds/m_SimpleVolumetricCloud_Inst.uasset" 316
"../../../Engine/Content/EngineSky/VolumetricClouds/m_SimpleVolumetricCloud_Inst.uexp" 317
"../../../Engine/Content/EngineResources/FilmGrains/Marcie_Grain_v3_128_M2_000.uasset" 318
"../../../Engine/Content/EngineResources/FilmGrains/Marcie_Grain_v3_128_M2_000.uexp" 319
"../../../Engine/Content/EngineResources/WhiteSquareTexture.uasset" 320
"../../../Engine/Content/EngineResources/WhiteSquareTexture.uexp" 321
"../../../Engine/Content/EngineMaterials/Widget3DPassThrough.uasset" 322
"../../../Engine/Content/EngineMaterials/Widget3DPassThrough.uexp" 323
"../../../Engine/Content/EngineMaterials/Widget3DPassThrough_Translucent.uasset" 324
"../../../Engine/Content/EngineMaterials/Widget3DPassThrough_Translucent.uexp" 325
"../../../Engine/Content/EngineMaterials/Widget3DPassThrough_Translucent_OneSided.uasset" 326
"../../../Engine/Content/EngineMaterials/Widget3DPassThrough_Translucent_OneSided.uexp" 327
"../../../Engine/Content/EngineMaterials/Widget3DPassThrough_Opaque.uasset" 328
"../../../Engine/Content/EngineMaterials/Widget3DPassThrough_Opaque.uexp" 329
"../../../Engine/Content/EngineMaterials/Widget3DPassThrough_Opaque_OneSided.uasset" 330
"../../../Engine/Content/EngineMaterials/Widget3DPassThrough_Opaque_OneSided.uexp" 331
"../../../Engine/Content/EngineMaterials/Widget3DPassThrough_Masked_OneSided.uasset" 332
"../../../Engine/Content/EngineMaterials/Widget3DPassThrough_Masked_OneSided.uexp" 333
"../../../Engine/Content/EngineMaterials/Widget3DPassThrough_Masked.uasset" 334
"../../../Engine/Content/EngineMaterials/Widget3DPassThrough_Masked.uexp" 335
"../../../Engine/Content/EngineMaterials/STBlueNoise_vec2_128x128x64.uasset" 336
"../../../Engine/Content/EngineMaterials/STBlueNoise_vec2_128x128x64.uexp" 337
"../../../Engine/Content/EngineMaterials/STBlueNoise_scalar_128x128x64.uasset" 338
"../../../Engine/Content/EngineMaterials/STBlueNoise_scalar_128x128x64.uexp" 339
"../../../Engine/Content/EngineMaterials/RemoveSurfaceMaterial.uasset" 340
"../../../Engine/Content/EngineMaterials/RemoveSurfaceMaterial.uexp" 341
"../../../Engine/Content/EngineMaterials/DefaultCalibrationGrayscale.uasset" 342
"../../../Engine/Content/EngineMaterials/DefaultCalibrationGrayscale.uexp" 343
"../../../Engine/Content/EngineMaterials/PPM_DefaultCalibrationGrayscale.uasset" 344
"../../../Engine/Content/EngineMaterials/PPM_DefaultCalibrationGrayscale.uexp" 345
"../../../Engine/Content/EngineMaterials/DefaultCalibrationColor.uasset" 346
"../../../Engine/Content/EngineMaterials/DefaultCalibrationColor.uexp" 347
"../../../Engine/Content/EngineMaterials/PPM_DefaultCalibrationColor.uasset" 348
"../../../Engine/Content/EngineMaterials/PPM_DefaultCalibrationColor.uexp" 349
"../../../Engine/Content/EngineMaterials/PhAT_JointLimitMaterial.uasset" 350
"../../../Engine/Content/EngineMaterials/PhAT_JointLimitMaterial.uexp" 351
"../../../Engine/Content/EngineMaterials/NaniteHiddenSectionMaterial.uasset" 352
"../../../Engine/Content/EngineMaterials/NaniteHiddenSectionMaterial.uexp" 353
"../../../Engine/Content/EngineMaterials/InvalidLightmapSettings.ubulk" 354
"../../../Engine/Content/EngineMaterials/InvalidLightmapSettings.uasset" 355
"../../../Engine/Content/EngineMaterials/InvalidLightmapSettings.uexp" 356
"../../../Engine/Content/EngineMaterials/M_InvalidLightmapSettings.uasset" 357
"../../../Engine/Content/EngineMaterials/M_InvalidLightmapSettings.uexp" 358
"../../../Engine/Content/EngineMaterials/GizmoMaterial.uasset" 359
"../../../Engine/Content/EngineMaterials/GizmoMaterial.uexp" 360
"../../../Engine/Content/EngineMaterials/BaseFlattenEmissiveMap_VT.uasset" 361
"../../../Engine/Content/EngineMaterials/BaseFlattenEmissiveMap_VT.uexp" 362
"../../../Engine/Content/EngineMaterials/BaseFlattenGrayscaleMap_VT.uasset" 363
"../../../Engine/Content/EngineMaterials/BaseFlattenGrayscaleMap_VT.uexp" 364
"../../../Engine/Content/EngineMaterials/BaseFlattenLinearColor_VT.uasset" 365
"../../../Engine/Content/EngineMaterials/BaseFlattenLinearColor_VT.uexp" 366
"../../../Engine/Content/EngineMaterials/Black_1x1_EXR_Texture_VT.uasset" 367
"../../../Engine/Content/EngineMaterials/Black_1x1_EXR_Texture_VT.uexp" 368
"../../../Engine/Content/EngineMaterials/BaseFlattenDiffuseMap_VT.uasset" 369
"../../../Engine/Content/EngineMaterials/BaseFlattenDiffuseMap_VT.uexp" 370
"../../../Engine/Content/EngineMaterials/BaseFlattenNormalMap_VT.uasset" 371
"../../../Engine/Content/EngineMaterials/BaseFlattenNormalMap_VT.uexp" 372
"../../../Engine/Content/EngineMaterials/FlattenMaterial_WS_Normal_VT.uasset" 373
"../../../Engine/Content/EngineMaterials/FlattenMaterial_WS_Normal_VT.uexp" 374
"../../../Engine/Content/EngineMaterials/FlattenMaterial_VT.uasset" 375
"../../../Engine/Content/EngineMaterials/FlattenMaterial_VT.uexp" 376
"../../../Engine/Content/EngineMaterials/BaseFlattenNormalMap.uasset" 377
"../../../Engine/Content/EngineMaterials/BaseFlattenNormalMap.uexp" 378
"../../../Engine/Content/EngineMaterials/BaseFlattenGrayscaleMap.uasset" 379
"../../../Engine/Content/EngineMaterials/BaseFlattenGrayscaleMap.uexp" 380
"../../../Engine/Content/EngineMaterials/BaseFlattenDiffuseMap.uasset" 381
"../../../Engine/Content/EngineMaterials/BaseFlattenDiffuseMap.uexp" 382
"../../../Engine/Content/Functions/Engine_MaterialFunctions02/PivotPainter2/Black_1x1_EXR_Texture.uasset" 383
"../../../Engine/Content/Functions/Engine_MaterialFunctions02/PivotPainter2/Black_1x1_EXR_Texture.uexp" 384
"../../../Engine/Content/EngineMaterials/BaseFlattenEmissiveMap.uasset" 385
"../../../Engine/Content/EngineMaterials/BaseFlattenEmissiveMap.uexp" 386
"../../../Engine/Content/EngineMaterials/BaseFlattenLinearColor.uasset" 387
"../../../Engine/Content/EngineMaterials/BaseFlattenLinearColor.uexp" 388
"../../../Engine/Content/EngineMaterials/FlattenMaterial.uasset" 389
"../../../Engine/Content/EngineMaterials/FlattenMaterial.uexp" 390
"../../../Engine/Content/EngineMaterials/DefaultWhiteGrid_Low.uasset" 391
"../../../Engine/Content/EngineMaterials/DefaultWhiteGrid_Low.uexp" 392
"../../../Engine/Content/EngineMaterials/EmissiveMeshMaterial.uasset" 393
"../../../Engine/Content/EngineMaterials/EmissiveMeshMaterial.uexp" 394
"../../../Engine/Content/EngineFonts/RobotoDistanceField.uasset" 395
"../../../Engine/Content/EngineFonts/RobotoDistanceField.uexp" 396
"../../../Engine/Content/EngineMaterials/DefaultTextMaterialOpaque.uasset" 397
"../../../Engine/Content/EngineMaterials/DefaultTextMaterialOpaque.uexp" 398
"../../../Engine/Content/EngineMaterials/DefaultDiffuse.ubulk" 399
"../../../Engine/Content/EngineMaterials/DefaultDiffuse.uasset" 400
"../../../Engine/Content/EngineMaterials/DefaultDiffuse.uexp" 401
"../../../Engine/Content/Functions/Engine_MaterialFunctions02/Utility/BreakOutFloat2Components.uasset" 402
"../../../Engine/Content/Functions/Engine_MaterialFunctions02/Utility/BreakOutFloat2Components.uexp" 403
"../../../Engine/Content/EngineMaterials/DefaultPostProcessMaterial.uasset" 404
"../../../Engine/Content/EngineMaterials/DefaultPostProcessMaterial.uexp" 405
"../../../Engine/Content/EngineMaterials/DefaultPhysicalMaterial.uasset" 406
"../../../Engine/Content/EngineMaterials/DefaultPhysicalMaterial.uexp" 407
"../../../Engine/Content/EngineMaterials/DefaultLightFunctionMaterial.uasset" 408
"../../../Engine/Content/EngineMaterials/DefaultLightFunctionMaterial.uexp" 409
"../../../Engine/Content/EngineMaterials/DefaultDestructiblePhysicalMaterial.uasset" 410
"../../../Engine/Content/EngineMaterials/DefaultDestructiblePhysicalMaterial.uexp" 411
"../../../Engine/Content/EngineMaterials/DefaultDeferredDecalMaterial.uasset" 412
"../../../Engine/Content/EngineMaterials/DefaultDeferredDecalMaterial.uexp" 413
"../../../Engine/Content/EngineMaterials/DefaultBloomKernel.uasset" 414
"../../../Engine/Content/EngineMaterials/DefaultBloomKernel.uexp" 415
"../../../Engine/Content/EngineFonts/Faces/RobotoLight.uexp" 416
"../../../Engine/Content/EngineFonts/Faces/RobotoLight.uasset" 417
"../../../Engine/Content/EngineFonts/Faces/RobotoLight.ufont" 418
"../../../Engine/Content/EngineFonts/Faces/RobotoBold.uexp" 419
"../../../Engine/Content/EngineFonts/Faces/RobotoBold.uasset" 420
"../../../Engine/Content/EngineFonts/Faces/RobotoBold.ufont" 421
"../../../Engine/Content/EngineFonts/Faces/RobotoRegular.uexp" 422
"../../../Engine/Content/EngineFonts/Faces/RobotoRegular.uasset" 423
"../../../Engine/Content/EngineFonts/Faces/RobotoRegular.ufont" 424
"../../../Engine/Content/EngineFonts/Faces/DroidSansFallback.uexp" 425
"../../../Engine/Content/EngineFonts/Faces/DroidSansFallback.uasset" 426
"../../../Engine/Content/EngineFonts/Faces/DroidSansFallback.ufont" 427
"../../../Engine/Content/EngineFonts/Faces/RobotoItalic.uexp" 428
"../../../Engine/Content/EngineFonts/Faces/RobotoItalic.uasset" 429
"../../../Engine/Content/EngineFonts/Faces/RobotoItalic.ufont" 430
"../../../Engine/Content/EngineFonts/Faces/RobotoBoldItalic.uexp" 431
"../../../Engine/Content/EngineFonts/Faces/RobotoBoldItalic.uasset" 432
"../../../Engine/Content/EngineFonts/Faces/RobotoBoldItalic.ufont" 433
"../../../Engine/Content/EngineFonts/Roboto.uasset" 434
"../../../Engine/Content/EngineFonts/Roboto.uexp" 435
"../../../Engine/Content/Functions/Engine_MaterialFunctions02/Utility/CameraDirectionVector.uasset" 436
"../../../Engine/Content/Functions/Engine_MaterialFunctions02/Utility/CameraDirectionVector.uexp" 437
"../../../Engine/Content/EngineDebugMaterials/VolumeToRender.uasset" 438
"../../../Engine/Content/EngineDebugMaterials/VolumeToRender.uexp" 439
"../../../Engine/Content/EngineDebugMaterials/M_VolumeRenderSphereTracePP.uasset" 440
"../../../Engine/Content/EngineDebugMaterials/M_VolumeRenderSphereTracePP.uexp" 441
"../../../Engine/Content/EngineDebugMaterials/M_SimpleUnlitTranslucent.uasset" 442
"../../../Engine/Content/EngineDebugMaterials/M_SimpleUnlitTranslucent.uexp" 443
"../../../Engine/Content/EngineDebugMaterials/DebugMeshMaterial.uasset" 444
"../../../Engine/Content/EngineDebugMaterials/DebugMeshMaterial.uexp" 445
"../../../Engine/Content/EngineDebugMaterials/DebugEditorMaterial.uasset" 446
"../../../Engine/Content/EngineDebugMaterials/DebugEditorMaterial.uexp" 447
"../../../Engine/Content/EngineDamageTypes/DmgTypeBP_Environmental.uasset" 448
"../../../Engine/Content/EngineDamageTypes/DmgTypeBP_Environmental.uexp" 449
"../../../Engine/Content/EditorResources/S_Terrain.ubulk" 450
"../../../Engine/Content/EditorResources/S_Terrain.uasset" 451
"../../../Engine/Content/EditorResources/S_Terrain.uexp" 452
"../../../Engine/Content/EditorResources/EmptyActor.uasset" 453
"../../../Engine/Content/EditorResources/EmptyActor.uexp" 454
"../../../Engine/Content/EditorResources/BSPVertex.uasset" 455
"../../../Engine/Content/EditorResources/BSPVertex.uexp" 456
"../../../Engine/Content/EditorResources/SequenceRecorder/RecordingIndicator.uasset" 457
"../../../Engine/Content/EditorResources/SequenceRecorder/RecordingIndicator.uexp" 458
"../../../Engine/Content/EditorResources/SequenceRecorder/Countdown.uasset" 459
"../../../Engine/Content/EditorResources/SequenceRecorder/Countdown.uexp" 460
"../../../Engine/Content/EditorMaterials/PreviewShadowIndicator.ubulk" 461
"../../../Engine/Content/EditorMaterials/PreviewShadowIndicator.uasset" 462
"../../../Engine/Content/EditorMaterials/PreviewShadowIndicator.uexp" 463
"../../../Engine/Content/EditorMaterials/PreviewShadowIndicatorMaterial.uasset" 464
"../../../Engine/Content/EditorMaterials/PreviewShadowIndicatorMaterial.uexp" 465
"../../../Engine/Content/EditorMaterials/PhAT_UnselectedMaterial.uasset" 466
"../../../Engine/Content/EditorMaterials/PhAT_UnselectedMaterial.uexp" 467
"../../../Engine/Content/EditorMaterials/PhAT_NoCollisionMaterial.uasset" 468
"../../../Engine/Content/EditorMaterials/PhAT_NoCollisionMaterial.uexp" 469
"../../../Engine/Content/EditorLandscapeResources/DefaultAlphaTexture.uasset" 470
"../../../Engine/Content/EditorLandscapeResources/DefaultAlphaTexture.uexp" 471
"../../../Engine/Content/EditorLandscapeResources/DataLayer.uasset" 472
"../../../Engine/Content/EditorLandscapeResources/DataLayer.uexp" 473
"../../../Engine/Content/BasicShapes/Plane.uasset" 474
"../../../Engine/Content/BasicShapes/Plane.uexp" 475
"../../../Engine/Content/EngineMaterials/DefaultMaterial.uasset" 476
"../../../Engine/Content/EngineMaterials/DefaultMaterial.uexp" 477
"../../../Engine/Content/BasicShapes/Cylinder.uasset" 478
"../../../Engine/Content/BasicShapes/Cylinder.uexp" 479
"../../../Engine/Content/BasicShapes/Cube.uasset" 480
"../../../Engine/Content/BasicShapes/Cube.uexp" 481
"../../../Engine/Content/BasicShapes/Cone.uasset" 482
"../../../Engine/Content/BasicShapes/Cone.uexp" 483
"../../../Engine/Content/Animation/DefaultAnimCurveCompressionSettings.uasset" 484
"../../../Engine/Content/Animation/DefaultAnimCurveCompressionSettings.uexp" 485
"D:/New folder/Grapple Sekiro/Grapple Sekiro/Content/Sekiro/Animations/Curve_HeightOffsetGround_Float.uasset" 486
"D:/New folder/Grapple Sekiro/Grapple Sekiro/Content/Sekiro/Animations/Curve_HeightOffsetGround_Float.uexp" 487
"../../../Engine/Content/BasicShapes/Sphere.uasset" 488
"../../../Engine/Content/BasicShapes/Sphere.uexp" 489
"D:/New folder/Grapple Sekiro/Grapple Sekiro/Content/Sekiro/Character/UE4_LOGO_CARD.uasset" 490
"D:/New folder/Grapple Sekiro/Grapple Sekiro/Content/Sekiro/Character/UE4_LOGO_CARD.uexp" 491
"D:/New folder/Grapple Sekiro/Grapple Sekiro/Content/Sekiro/WBP_DetectionNode.uasset" 492
"D:/New folder/Grapple Sekiro/Grapple Sekiro/Content/Sekiro/WBP_DetectionNode.uexp" 493
"D:/New folder/Grapple Sekiro/Grapple Sekiro/Content/Sekiro/Art/SM_GrapplePoint.uasset" 494
"D:/New folder/Grapple Sekiro/Grapple Sekiro/Content/Sekiro/Art/SM_GrapplePoint.uexp" 495
"D:/New folder/Grapple Sekiro/Grapple Sekiro/Content/Sekiro/Core/BP_GrapplePoint.uasset" 496
"D:/New folder/Grapple Sekiro/Grapple Sekiro/Content/Sekiro/Core/BP_GrapplePoint.uexp" 497
"D:/New folder/Grapple Sekiro/Grapple Sekiro/Content/Sekiro/Animations/Curve_RopePositionGround_Float.uasset" 498
"D:/New folder/Grapple Sekiro/Grapple Sekiro/Content/Sekiro/Animations/Curve_RopePositionGround_Float.uexp" 499
"D:/New folder/Grapple Sekiro/Grapple Sekiro/Content/Sekiro/Art/M_Rope.uasset" 500
"D:/New folder/Grapple Sekiro/Grapple Sekiro/Content/Sekiro/Art/M_Rope.uexp" 501
"D:/New folder/Grapple Sekiro/Grapple Sekiro/Content/Sekiro/Character/UE4_Mannequin_Skeleton.uasset" 502
"D:/New folder/Grapple Sekiro/Grapple Sekiro/Content/Sekiro/Character/UE4_Mannequin_Skeleton.uexp" 503
"../../../Engine/Content/Animation/DefaultRecorderBoneCompression.uasset" 504
"../../../Engine/Content/Animation/DefaultRecorderBoneCompression.uexp" 505
"D:/New folder/Grapple Sekiro/Grapple Sekiro/Content/Sekiro/Animations/A_GrappleInAir.uasset" 506
"D:/New folder/Grapple Sekiro/Grapple Sekiro/Content/Sekiro/Animations/A_GrappleInAir.uexp" 507
"D:/New folder/Grapple Sekiro/Grapple Sekiro/Content/Sekiro/Animations/AM_GrappleAir.uasset" 508
"D:/New folder/Grapple Sekiro/Grapple Sekiro/Content/Sekiro/Animations/AM_GrappleAir.uexp" 509
"D:/New folder/Grapple Sekiro/Grapple Sekiro/Content/Sekiro/Animations/Curve_RopeLengthAir_Float.uasset" 510
"D:/New folder/Grapple Sekiro/Grapple Sekiro/Content/Sekiro/Animations/Curve_RopeLengthAir_Float.uexp" 511
"D:/New folder/Grapple Sekiro/Grapple Sekiro/Content/Sekiro/Animations/Curve_GrappleSpeedGround_Float.uasset" 512
"D:/New folder/Grapple Sekiro/Grapple Sekiro/Content/Sekiro/Animations/Curve_GrappleSpeedGround_Float.uexp" 513
"D:/New folder/Grapple Sekiro/Grapple Sekiro/Content/Sekiro/Animations/A_GrappleOnGround.uasset" 514
"D:/New folder/Grapple Sekiro/Grapple Sekiro/Content/Sekiro/Animations/A_GrappleOnGround.uexp" 515
"D:/New folder/Grapple Sekiro/Grapple Sekiro/Content/Sekiro/Animations/AM_GrappleGround.uasset" 516
"D:/New folder/Grapple Sekiro/Grapple Sekiro/Content/Sekiro/Animations/AM_GrappleGround.uexp" 517
"D:/New folder/Grapple Sekiro/Grapple Sekiro/Content/Sekiro/Animations/Curve_GrappleSpeedAir_Float.uasset" 518
"D:/New folder/Grapple Sekiro/Grapple Sekiro/Content/Sekiro/Animations/Curve_GrappleSpeedAir_Float.uexp" 519
"D:/New folder/Grapple Sekiro/Grapple Sekiro/Content/Sekiro/A_Jump.ubulk" 520
"D:/New folder/Grapple Sekiro/Grapple Sekiro/Content/Sekiro/A_Jump.uasset" 521
"D:/New folder/Grapple Sekiro/Grapple Sekiro/Content/Sekiro/A_Jump.uexp" 522
"D:/New folder/Grapple Sekiro/Grapple Sekiro/Content/Sekiro/Animations/Curve_HeightOffsetAir_Float.uasset" 523
"D:/New folder/Grapple Sekiro/Grapple Sekiro/Content/Sekiro/Animations/Curve_HeightOffsetAir_Float.uexp" 524
"D:/New folder/Grapple Sekiro/Grapple Sekiro/Content/Sekiro/Animations/Curve_RopeLengthGround_Float.uasset" 525
"D:/New folder/Grapple Sekiro/Grapple Sekiro/Content/Sekiro/Animations/Curve_RopeLengthGround_Float.uexp" 526
"D:/New folder/Grapple Sekiro/Grapple Sekiro/Content/Sekiro/Art/M_Kunai.uasset" 527
"D:/New folder/Grapple Sekiro/Grapple Sekiro/Content/Sekiro/Art/M_Kunai.uexp" 528
"D:/New folder/Grapple Sekiro/Grapple Sekiro/Content/Sekiro/Art/SM_Kunai.uasset" 529
"D:/New folder/Grapple Sekiro/Grapple Sekiro/Content/Sekiro/Art/SM_Kunai.uexp" 530
"../../../Engine/Content/Animation/DefaultAnimBoneCompressionSettings.uasset" 531
"../../../Engine/Content/Animation/DefaultAnimBoneCompressionSettings.uexp" 532
"D:/New folder/Grapple Sekiro/Grapple Sekiro/Content/Sekiro/Animations/A_JumpEnd.uasset" 533
"D:/New folder/Grapple Sekiro/Grapple Sekiro/Content/Sekiro/Animations/A_JumpEnd.uexp" 534
"D:/New folder/Grapple Sekiro/Grapple Sekiro/Content/Sekiro/Animations/A_JumpLoop.uasset" 535
"D:/New folder/Grapple Sekiro/Grapple Sekiro/Content/Sekiro/Animations/A_JumpLoop.uexp" 536
"D:/New folder/Grapple Sekiro/Grapple Sekiro/Content/Sekiro/Animations/A_JumpStart.uasset" 537
"D:/New folder/Grapple Sekiro/Grapple Sekiro/Content/Sekiro/Animations/A_JumpStart.uexp" 538
"D:/New folder/Grapple Sekiro/Grapple Sekiro/Content/Sekiro/Animations/A_Idle.uasset" 539
"D:/New folder/Grapple Sekiro/Grapple Sekiro/Content/Sekiro/Animations/A_Idle.uexp" 540
"D:/New folder/Grapple Sekiro/Grapple Sekiro/Content/Sekiro/Animations/A_Run.uasset" 541
"D:/New folder/Grapple Sekiro/Grapple Sekiro/Content/Sekiro/Animations/A_Run.uexp" 542
"D:/New folder/Grapple Sekiro/Grapple Sekiro/Content/Sekiro/Animations/A_Walk.uasset" 543
"D:/New folder/Grapple Sekiro/Grapple Sekiro/Content/Sekiro/Animations/A_Walk.uexp" 544
"D:/New folder/Grapple Sekiro/Grapple Sekiro/Content/Sekiro/Animations/BS_IdleRun.uasset" 545
"D:/New folder/Grapple Sekiro/Grapple Sekiro/Content/Sekiro/Animations/BS_IdleRun.uexp" 546
"../../../Engine/Content/EditorBlueprintResources/StandardMacros.uasset" 547
"../../../Engine/Content/EditorBlueprintResources/StandardMacros.uexp" 548
"D:/New folder/Grapple Sekiro/Grapple Sekiro/Content/Sekiro/Animations/ABP_Sekiro.uasset" 549
"D:/New folder/Grapple Sekiro/Grapple Sekiro/Content/Sekiro/Animations/ABP_Sekiro.uexp" 550
"D:/New folder/Grapple Sekiro/Grapple Sekiro/Content/Sekiro/Animations/Curve_RopePositionAir_Float.uasset" 551
"D:/New folder/Grapple Sekiro/Grapple Sekiro/Content/Sekiro/Animations/Curve_RopePositionAir_Float.uexp" 552
"D:/New folder/Grapple Sekiro/Grapple Sekiro/Content/Sekiro/Character/T_ML_Rubber_Blue_01_D.ubulk" 553
"D:/New folder/Grapple Sekiro/Grapple Sekiro/Content/Sekiro/Character/T_ML_Rubber_Blue_01_D.uasset" 554
"D:/New folder/Grapple Sekiro/Grapple Sekiro/Content/Sekiro/Character/T_ML_Rubber_Blue_01_D.uexp" 555
"D:/New folder/Grapple Sekiro/Grapple Sekiro/Content/Sekiro/Character/T_ML_Aluminum01_N.ubulk" 556
"D:/New folder/Grapple Sekiro/Grapple Sekiro/Content/Sekiro/Character/T_ML_Aluminum01_N.uasset" 557
"D:/New folder/Grapple Sekiro/Grapple Sekiro/Content/Sekiro/Character/T_ML_Aluminum01_N.uexp" 558
"../../../Engine/Content/Functions/Engine_MaterialFunctions02/Utility/BlendAngleCorrectedNormals.uasset" 559
"../../../Engine/Content/Functions/Engine_MaterialFunctions02/Utility/BlendAngleCorrectedNormals.uexp" 560
"../../../Engine/Content/Functions/MaterialLayerFunctions/MatLayerBlend_NormalBlend.uasset" 561
"../../../Engine/Content/Functions/MaterialLayerFunctions/MatLayerBlend_NormalBlend.uexp" 562
"D:/New folder/Grapple Sekiro/Grapple Sekiro/Content/Sekiro/Character/ML_Plastic_Shiny_Beige_LOGO.uasset" 563
"D:/New folder/Grapple Sekiro/Grapple Sekiro/Content/Sekiro/Character/ML_Plastic_Shiny_Beige_LOGO.uexp" 564
"D:/New folder/Grapple Sekiro/Grapple Sekiro/Content/Sekiro/Character/T_ML_Aluminum01.ubulk" 565
"D:/New folder/Grapple Sekiro/Grapple Sekiro/Content/Sekiro/Character/T_ML_Aluminum01.uasset" 566
"D:/New folder/Grapple Sekiro/Grapple Sekiro/Content/Sekiro/Character/T_ML_Aluminum01.uexp" 567
"../../../Engine/Content/Functions/MaterialLayerFunctions/MatLayerBlend_Simple.uasset" 568
"../../../Engine/Content/Functions/MaterialLayerFunctions/MatLayerBlend_Simple.uexp" 569
"D:/New folder/Grapple Sekiro/Grapple Sekiro/Content/Sekiro/Character/T_ML_Rubber_Blue_01_N.ubulk" 570
"D:/New folder/Grapple Sekiro/Grapple Sekiro/Content/Sekiro/Character/T_ML_Rubber_Blue_01_N.uasset" 571
"D:/New folder/Grapple Sekiro/Grapple Sekiro/Content/Sekiro/Character/T_ML_Rubber_Blue_01_N.uexp" 572
"D:/New folder/Grapple Sekiro/Grapple Sekiro/Content/Sekiro/Character/ML_Plastic_Shiny_Beige.uasset" 573
"D:/New folder/Grapple Sekiro/Grapple Sekiro/Content/Sekiro/Character/ML_Plastic_Shiny_Beige.uexp" 574
"D:/New folder/Grapple Sekiro/Grapple Sekiro/Content/Sekiro/Character/UE4_Mannequin__normals.ubulk" 575
"D:/New folder/Grapple Sekiro/Grapple Sekiro/Content/Sekiro/Character/UE4_Mannequin__normals.uasset" 576
"D:/New folder/Grapple Sekiro/Grapple Sekiro/Content/Sekiro/Character/UE4_Mannequin__normals.uexp" 577
"D:/New folder/Grapple Sekiro/Grapple Sekiro/Content/Sekiro/Character/ML_GlossyBlack_Latex_UE4.uasset" 578
"D:/New folder/Grapple Sekiro/Grapple Sekiro/Content/Sekiro/Character/ML_GlossyBlack_Latex_UE4.uexp" 579
"D:/New folder/Grapple Sekiro/Grapple Sekiro/Content/Sekiro/Character/ML_SoftMetal_UE4.uasset" 580
"D:/New folder/Grapple Sekiro/Grapple Sekiro/Content/Sekiro/Character/ML_SoftMetal_UE4.uexp" 581
"D:/New folder/Grapple Sekiro/Grapple Sekiro/Content/Sekiro/Character/UE4_Mannequin_MAT_MASKA.ubulk" 582
"D:/New folder/Grapple Sekiro/Grapple Sekiro/Content/Sekiro/Character/UE4_Mannequin_MAT_MASKA.uasset" 583
"D:/New folder/Grapple Sekiro/Grapple Sekiro/Content/Sekiro/Character/UE4_Mannequin_MAT_MASKA.uexp" 584
"D:/New folder/Grapple Sekiro/Grapple Sekiro/Content/Sekiro/Character/M_UE4Man_Body.uasset" 585
"D:/New folder/Grapple Sekiro/Grapple Sekiro/Content/Sekiro/Character/M_UE4Man_Body.uexp" 586
"D:/New folder/Grapple Sekiro/Grapple Sekiro/Content/Sekiro/Character/SK_Mannequin_PhysicsAsset.uasset" 587
"D:/New folder/Grapple Sekiro/Grapple Sekiro/Content/Sekiro/Character/SK_Mannequin_PhysicsAsset.uexp" 588
"D:/New folder/Grapple Sekiro/Grapple Sekiro/Content/Sekiro/Character/UE4Man_Logo_N.ubulk" 589
"D:/New folder/Grapple Sekiro/Grapple Sekiro/Content/Sekiro/Character/UE4Man_Logo_N.uasset" 590
"D:/New folder/Grapple Sekiro/Grapple Sekiro/Content/Sekiro/Character/UE4Man_Logo_N.uexp" 591
"D:/New folder/Grapple Sekiro/Grapple Sekiro/Content/Sekiro/Character/M_UE4Man_ChestLogo.uasset" 592
"D:/New folder/Grapple Sekiro/Grapple Sekiro/Content/Sekiro/Character/M_UE4Man_ChestLogo.uexp" 593
"D:/New folder/Grapple Sekiro/Grapple Sekiro/Content/Sekiro/Character/SK_Mannequin.uasset" 594
"D:/New folder/Grapple Sekiro/Grapple Sekiro/Content/Sekiro/Character/SK_Mannequin.uexp" 595
"D:/New folder/Grapple Sekiro/Grapple Sekiro/Content/Sekiro/A_Grapple.ubulk" 596
"D:/New folder/Grapple Sekiro/Grapple Sekiro/Content/Sekiro/A_Grapple.uasset" 597
"D:/New folder/Grapple Sekiro/Grapple Sekiro/Content/Sekiro/A_Grapple.uexp" 598
"D:/New folder/Grapple Sekiro/Grapple Sekiro/Content/Sekiro/Core/BP_PawnSekiro.uasset" 599
"D:/New folder/Grapple Sekiro/Grapple Sekiro/Content/Sekiro/Core/BP_PawnSekiro.uexp" 600
"D:/New folder/Grapple Sekiro/Grapple Sekiro/Content/Sekiro/Core/ThirdPersonGameMode.uasset" 601
"D:/New folder/Grapple Sekiro/Grapple Sekiro/Content/Sekiro/Core/ThirdPersonGameMode.uexp" 602
"D:/New folder/Grapple Sekiro/Grapple Sekiro/Content/Sekiro/Art/M_Hair.uasset" 603
"D:/New folder/Grapple Sekiro/Grapple Sekiro/Content/Sekiro/Art/M_Hair.uexp" 604
"D:/New folder/Grapple Sekiro/Grapple Sekiro/Content/Sekiro/Animations/LS_SekiroAirGrapple.uasset" 605
"D:/New folder/Grapple Sekiro/Grapple Sekiro/Content/Sekiro/Animations/LS_SekiroAirGrapple.uexp" 606
"../../../Engine/Content/Functions/Engine_MaterialFunctions01/Shading/PowerToRoughness.uasset" 607
"../../../Engine/Content/Functions/Engine_MaterialFunctions01/Shading/PowerToRoughness.uexp" 608
"../../../Engine/Content/Functions/Engine_MaterialFunctions01/Shading/ConvertFromDiffSpec.uasset" 609
"../../../Engine/Content/Functions/Engine_MaterialFunctions01/Shading/ConvertFromDiffSpec.uexp" 610
"D:/New folder/Grapple Sekiro/Grapple Sekiro/Content/Sekiro/Animations/CR_Sekiro.uasset" 611
"D:/New folder/Grapple Sekiro/Grapple Sekiro/Content/Sekiro/Animations/CR_Sekiro.uexp" 612
"D:/New folder/Grapple Sekiro/Grapple Sekiro/Content/Sekiro/Animations/LS_SekiroGroundGrapple.uasset" 613
"D:/New folder/Grapple Sekiro/Grapple Sekiro/Content/Sekiro/Animations/LS_SekiroGroundGrapple.uexp" 614
"../../../Engine/Content/Maps/Entry_BuiltData.uasset" 615
"../../../Engine/Content/Maps/Entry_BuiltData.uexp" 616
"../../../Engine/Content/Maps/Entry.uexp" 617
"../../../Engine/Content/Maps/Entry.umap" 618
"../../../Engine/Content/EngineSky/C_Sky_Horizon_Color.uasset" 619
"../../../Engine/Content/EngineSky/C_Sky_Horizon_Color.uexp" 620
"../../../Engine/Content/EngineSky/T_Sky_Stars.ubulk" 621
"../../../Engine/Content/EngineSky/T_Sky_Stars.uasset" 622
"../../../Engine/Content/EngineSky/T_Sky_Stars.uexp" 623
"../../../Engine/Content/EngineSky/T_Sky_Clouds_M.ubulk" 624
"../../../Engine/Content/EngineSky/T_Sky_Clouds_M.uasset" 625
"../../../Engine/Content/EngineSky/T_Sky_Clouds_M.uexp" 626
"../../../Engine/Content/EngineSky/T_Sky_Blue.ubulk" 627
"../../../Engine/Content/EngineSky/T_Sky_Blue.uasset" 628
"../../../Engine/Content/EngineSky/T_Sky_Blue.uexp" 629
"../../../Engine/Content/EngineSky/M_Sky_Panning_Clouds2.uasset" 630
"../../../Engine/Content/EngineSky/M_Sky_Panning_Clouds2.uexp" 631
"../../../Engine/Content/EngineSky/SM_SkySphere.uasset" 632
"../../../Engine/Content/EngineSky/SM_SkySphere.uexp" 633
"../../../Engine/Content/EngineSky/C_Sky_Cloud_Color.uasset" 634
"../../../Engine/Content/EngineSky/C_Sky_Cloud_Color.uexp" 635
"../../../Engine/Content/EngineSky/C_Sky_Zenith_Color.uasset" 636
"../../../Engine/Content/EngineSky/C_Sky_Zenith_Color.uexp" 637
"../../../Engine/Content/EngineSky/BP_Sky_Sphere.uasset" 638
"../../../Engine/Content/EngineSky/BP_Sky_Sphere.uexp" 639
"D:/New folder/Grapple Sekiro/Grapple Sekiro/Content/Sekiro/Sekiro_BuiltData.ubulk" 640
"D:/New folder/Grapple Sekiro/Grapple Sekiro/Content/Sekiro/Sekiro_BuiltData.uasset" 641
"D:/New folder/Grapple Sekiro/Grapple Sekiro/Content/Sekiro/Sekiro_BuiltData.uexp" 642
"D:/New folder/Grapple Sekiro/Grapple Sekiro/Content/Sekiro/Sekiro.uexp" 643
"D:/New folder/Grapple Sekiro/Grapple Sekiro/Content/Sekiro/Sekiro.umap" 644
